[35m[Appium][39m Available drivers:
[35m[Appium][39m   - uiautomator2@2.12.4 (automationName 'UiAutomator2')
[35m[Appium][39m No plugins have been installed. Use the "appium plugin" command to install the one(s) you want to use.
[38;5;0m[HTTP][0m [37m-->[39m [37mPOST[39m [37m/session[39m
[38;5;0m[HTTP][0m [90m{"capabilities":{"alwaysMatch":{"platformName":"Android","appium:platformVersion":"11","appium:deviceName":"HONOR","appium:automationName":"UiAutomator2","appium:app":"D:\\Dummy\\Android-NativeDemoApp-0.4.0.apk"},"firstMatch":[{}]},"desiredCapabilities":{"platformName":"Android","appium:platformVersion":"11","appium:deviceName":"HONOR","appium:automationName":"UiAutomator2","appium:app":"D:\\Dummy\\Android-NativeDemoApp-0.4.0.apk"}}[39m
[debug] [38;5;16m[AppiumDriver@6fdb][0m Calling AppiumDriver.createSession() with args: [{"platformName":"Android","appium:platformVersion":"11","appium:deviceName":"HONOR","appium:automationName":"UiAutomator2","appium:app":"D:\\Dummy\\Android-NativeDemoApp-0.4.0.apk"},null,{"alwaysMatch":{"platformName":"Android","appium:platformVersion":"11","appium:deviceName":"HONOR","appium:automationName":"UiAutomator2","appium:app":"D:\\Dummy\\Android-NativeDemoApp-0.4.0.apk"},"firstMatch":[{}]}]
[debug] [38;5;16m[AppiumDriver@6fdb][0m Event 'newSessionRequested' logged at 1677000537678 (17:28:57 GMT+0000 (Greenwich Mean Time))
[35m[Appium][39m Attempting to find matching driver for automationName 'UiAutomator2' and platformName 'Android'
[35m[Appium][39m The 'uiautomator2' driver was installed and matched caps.
[35m[Appium][39m Will require it at D:/AppiumGitRepo/Chandu/ChanduPrj/node_modules/appium-uiautomator2-driver
[debug] [35m[Appium][39m Requiring driver at D:/AppiumGitRepo/Chandu/ChanduPrj/node_modules/appium-uiautomator2-driver
[38;5;16m[AppiumDriver@6fdb][0m Appium v2.0.0-beta.55 creating new AndroidUiautomator2Driver (v2.12.4) session
[38;5;16m[AppiumDriver@6fdb][0m Checking BaseDriver versions for Appium and AndroidUiautomator2Driver
[38;5;16m[AppiumDriver@6fdb][0m Appium's BaseDriver version is 9.3.1
[38;5;16m[AppiumDriver@6fdb][0m AndroidUiautomator2Driver's BaseDriver version is 9.3.1
[debug] [38;5;32m[AndroidUiautomator2Driver@ad6e][0m Creating session with W3C capabilities: {
[debug] [38;5;32m[AndroidUiautomator2Driver@ad6e][0m   "alwaysMatch": {
[debug] [38;5;32m[AndroidUiautomator2Driver@ad6e][0m     "platformName": "Android",
[debug] [38;5;32m[AndroidUiautomator2Driver@ad6e][0m     "appium:platformVersion": "11",
[debug] [38;5;32m[AndroidUiautomator2Driver@ad6e][0m     "appium:deviceName": "HONOR",
[debug] [38;5;32m[AndroidUiautomator2Driver@ad6e][0m     "appium:automationName": "UiAutomator2",
[debug] [38;5;32m[AndroidUiautomator2Driver@ad6e][0m     "appium:app": "D:\\Dummy\\Android-NativeDemoApp-0.4.0.apk"
[debug] [38;5;32m[AndroidUiautomator2Driver@ad6e][0m   },
[debug] [38;5;32m[AndroidUiautomator2Driver@ad6e][0m   "firstMatch": [
[debug] [38;5;32m[AndroidUiautomator2Driver@ad6e][0m     {}
[debug] [38;5;32m[AndroidUiautomator2Driver@ad6e][0m   ]
[debug] [38;5;32m[AndroidUiautomator2Driver@ad6e][0m }
[38;5;32m[AndroidUiautomator2Driver@ad6e (8c1c35cf)][0m Session created with session id: 8c1c35cf-6619-4270-9dd3-e3ade5313650
[38;5;48m[BaseDriver][0m Using local app 'D:\Dummy\Android-NativeDemoApp-0.4.0.apk'
[debug] [38;5;32m[AndroidUiautomator2Driver@ad6e (8c1c35cf)][0m Checking whether app is actually present
[38;5;64m[ADB][0m Found 1 'build-tools' folders under 'C:\Users\Mehul\AppData\Local\Android\Sdk' (newest first):
[38;5;64m[ADB][0m     C:/Users/Mehul/AppData/Local/Android/Sdk/build-tools/33.0.1
[38;5;64m[ADB][0m Using 'adb.exe' from 'C:\Users\Mehul\AppData\Local\Android\Sdk\platform-tools\adb.exe'
[debug] [38;5;64m[ADB][0m Running 'C:\Users\Mehul\AppData\Local\Android\Sdk\platform-tools\adb.exe -P 5037 start-server'
[38;5;80m[AndroidDriver][0m Retrieving device list
[debug] [38;5;64m[ADB][0m Trying to find a connected android device
[debug] [38;5;64m[ADB][0m Getting connected devices
[debug] [38;5;64m[ADB][0m Connected devices: [{"udid":"A47EUT2901000624","state":"device"}]
[38;5;80m[AndroidDriver][0m Looking for a device with Android '11.0.0'
[debug] [38;5;64m[ADB][0m Setting device id to A47EUT2901000624
[38;5;64m[ADB][0m Getting device platform version
[debug] [38;5;64m[ADB][0m Running 'C:\Users\Mehul\AppData\Local\Android\Sdk\platform-tools\adb.exe -P 5037 -s A47EUT2901000624 shell getprop ro.build.version.release'
[debug] [38;5;64m[ADB][0m Current device property 'ro.build.version.release': 11
[38;5;80m[AndroidDriver][0m Using device: A47EUT2901000624
[38;5;64m[ADB][0m Using 'adb.exe' from 'C:\Users\Mehul\AppData\Local\Android\Sdk\platform-tools\adb.exe'
[debug] [38;5;64m[ADB][0m Running 'C:\Users\Mehul\AppData\Local\Android\Sdk\platform-tools\adb.exe -P 5037 start-server'
[debug] [38;5;64m[ADB][0m Setting device id to A47EUT2901000624
[debug] [38;5;64m[ADB][0m Running 'C:\Users\Mehul\AppData\Local\Android\Sdk\platform-tools\adb.exe -P 5037 -s A47EUT2901000624 shell getprop ro.build.version.sdk'
[debug] [38;5;64m[ADB][0m Current device property 'ro.build.version.sdk': 30
[38;5;64m[ADB][0m Getting device platform version
[debug] [38;5;64m[ADB][0m Running 'C:\Users\Mehul\AppData\Local\Android\Sdk\platform-tools\adb.exe -P 5037 -s A47EUT2901000624 shell getprop ro.build.version.release'
[debug] [38;5;64m[ADB][0m Current device property 'ro.build.version.release': 11
[debug] [38;5;64m[ADB][0m Device API level: 30
[38;5;32m[AndroidUiautomator2Driver@ad6e (8c1c35cf)][0m Relaxing hidden api policy
[debug] [38;5;64m[ADB][0m Running 'C:\Users\Mehul\AppData\Local\Android\Sdk\platform-tools\adb.exe -P 5037 -s A47EUT2901000624 shell 'settings put global hidden_api_policy_pre_p_apps 1;settings put global hidden_api_policy_p_apps 1;settings put global hidden_api_policy 1''
[debug] [38;5;80m[AndroidDriver][0m Parsing package and activity from app manifest
[38;5;64m[ADB][0m Package name: 'com.wdiodemoapp'
[38;5;64m[ADB][0m Main activity name: 'com.wdiodemoapp.SplashActivity'
[debug] [38;5;80m[AndroidDriver][0m Parsed package and activity are: com.wdiodemoapp/com.wdiodemoapp.SplashActivity
[debug] [38;5;64m[ADB][0m Running 'C:\Users\Mehul\AppData\Local\Android\Sdk\platform-tools\adb.exe -P 5037 -s A47EUT2901000624 wait-for-device'
[debug] [38;5;64m[ADB][0m Running 'C:\Users\Mehul\AppData\Local\Android\Sdk\platform-tools\adb.exe -P 5037 -s A47EUT2901000624 shell echo ping'
[debug] [38;5;80m[AndroidDriver][0m Pushing settings apk to device...
[debug] [38;5;64m[ADB][0m Getting install status for io.appium.settings
[debug] [38;5;64m[ADB][0m Running 'C:\Users\Mehul\AppData\Local\Android\Sdk\platform-tools\adb.exe -P 5037 -s A47EUT2901000624 shell dumpsys package io.appium.settings'
[debug] [38;5;64m[ADB][0m 'io.appium.settings' is installed
[debug] [38;5;64m[ADB][0m Getting package info for 'io.appium.settings'
[debug] [38;5;64m[ADB][0m Running 'C:\Users\Mehul\AppData\Local\Android\Sdk\platform-tools\adb.exe -P 5037 -s A47EUT2901000624 shell dumpsys package io.appium.settings'
[debug] [38;5;64m[ADB][0m The version name of the installed 'io.appium.settings' is greater or equal to the application version name ('5.0.3' >= '5.0.3')
[debug] [38;5;64m[ADB][0m There is no need to install/upgrade 'D:\AppiumGitRepo\Chandu\ChanduPrj\node_modules\appium-uiautomator2-driver\node_modules\io.appium.settings\apks\settings_apk-debug.apk'
[debug] [38;5;64m[ADB][0m Getting IDs of all 'io.appium.settings' processes
[debug] [38;5;64m[ADB][0m Running 'C:\Users\Mehul\AppData\Local\Android\Sdk\platform-tools\adb.exe -P 5037 -s A47EUT2901000624 shell 'pgrep --help; echo $?''
[debug] [38;5;64m[ADB][0m Running 'C:\Users\Mehul\AppData\Local\Android\Sdk\platform-tools\adb.exe -P 5037 -s A47EUT2901000624 shell pgrep -f \(\[\[:blank:\]\]\|\^\)io\.appium\.settings\(\[\[:blank:\]\]\|\$\)'
[debug] [38;5;80m[AndroidDriver][0m io.appium.settings is already running. There is no need to reset its permissions.
[debug] [38;5;64m[ADB][0m Running 'C:\Users\Mehul\AppData\Local\Android\Sdk\platform-tools\adb.exe -P 5037 -s A47EUT2901000624 shell appops set io.appium.settings android:mock_location allow'
[debug] [38;5;64m[ADB][0m Running 'C:\Users\Mehul\AppData\Local\Android\Sdk\platform-tools\adb.exe -P 5037 -s A47EUT2901000624 shell "[ -e '/data/local/tmp/mock_apps.json' ] && echo __PASS__"'
[debug] [38;5;64m[ADB][0m Running 'C:\Users\Mehul\AppData\Local\Android\Sdk\platform-tools\adb.exe -P 5037 -s A47EUT2901000624 shell cat /data/local/tmp/mock_apps.json'
[debug] [38;5;96m[Logcat][0m Starting logs capture with command: C:\\Users\\Mehul\\AppData\\Local\\Android\\Sdk\\platform-tools\\adb.exe -P 5037 -s A47EUT2901000624 logcat -v threadtime
[debug] [38;5;32m[AndroidUiautomator2Driver@ad6e (8c1c35cf)][0m Forwarding UiAutomator2 Server port 6790 to local port 8202
[debug] [38;5;64m[ADB][0m Forwarding system: 8202 to device: 6790
[debug] [38;5;64m[ADB][0m Running 'C:\Users\Mehul\AppData\Local\Android\Sdk\platform-tools\adb.exe -P 5037 -s A47EUT2901000624 forward tcp:8202 tcp:6790'
[debug] [38;5;64m[ADB][0m Getting install status for io.appium.uiautomator2.server
[debug] [38;5;64m[ADB][0m Running 'C:\Users\Mehul\AppData\Local\Android\Sdk\platform-tools\adb.exe -P 5037 -s A47EUT2901000624 shell dumpsys package io.appium.uiautomator2.server'
[debug] [38;5;64m[ADB][0m 'io.appium.uiautomator2.server' is installed
[debug] [38;5;64m[ADB][0m Getting package info for 'io.appium.uiautomator2.server'
[debug] [38;5;64m[ADB][0m Running 'C:\Users\Mehul\AppData\Local\Android\Sdk\platform-tools\adb.exe -P 5037 -s A47EUT2901000624 shell dumpsys package io.appium.uiautomator2.server'
[debug] [38;5;64m[ADB][0m The version name of the installed 'io.appium.uiautomator2.server' is greater or equal to the application version name ('5.7.8' >= '5.7.8')
[debug] [38;5;32m[AndroidUiautomator2Driver@ad6e (8c1c35cf)][0m io.appium.uiautomator2.server installation state: sameVersionInstalled
[debug] [38;5;64m[ADB][0m Checking app cert for D:\AppiumGitRepo\Chandu\ChanduPrj\node_modules\appium-uiautomator2-driver\node_modules\appium-uiautomator2-server\apks\appium-uiautomator2-server-v5.7.8.apk
[38;5;64m[ADB][0m Using 'apksigner.jar' from 'C:\Users\Mehul\AppData\Local\Android\Sdk\build-tools\33.0.1\lib\apksigner.jar'
[debug] [38;5;64m[ADB][0m Starting apksigner: 'C:\\Program Files\\Java\\jdk-11\\bin\\java.exe' -Xmx1024M -Xss1m -jar C:\\Users\\Mehul\\AppData\\Local\\Android\\Sdk\\build-tools\\33.0.1\\lib\\apksigner.jar verify --print-certs D:\\AppiumGitRepo\\Chandu\\ChanduPrj\\node_modules\\appium-uiautomator2-driver\\node_modules\\appium-uiautomator2-server\\apks\\appium-uiautomator2-server-v5.7.8.apk
[debug] [38;5;64m[ADB][0m apksigner stdout: Signer #1 certificate DN: EMAILADDRESS=android@android.com, CN=Android, OU=Android, O=Android, L=Mountain View, ST=California, C=US
[debug] [38;5;64m[ADB][0m Signer #1 certificate SHA-256 digest: a40da80a59d170caa950cf15c18c454d47a39b26989d8b640ecd745ba71bf5dc
[debug] [38;5;64m[ADB][0m Signer #1 certificate SHA-1 digest: 61ed377e85d386a8dfee6b864bd85b0bfaa5af81
[debug] [38;5;64m[ADB][0m Signer #1 certificate MD5 digest: e89b158e4bcf988ebd09eb83f5378e87
[debug] [38;5;64m[ADB][0m 
[debug] [38;5;64m[ADB][0m sha256 hash did match for 'appium-uiautomator2-server-v5.7.8.apk'
[38;5;64m[ADB][0m 'D:\AppiumGitRepo\Chandu\ChanduPrj\node_modules\appium-uiautomator2-driver\node_modules\appium-uiautomator2-server\apks\appium-uiautomator2-server-v5.7.8.apk' is signed with the default certificate
[debug] [38;5;64m[ADB][0m Getting install status for io.appium.uiautomator2.server.test
[debug] [38;5;64m[ADB][0m Running 'C:\Users\Mehul\AppData\Local\Android\Sdk\platform-tools\adb.exe -P 5037 -s A47EUT2901000624 shell dumpsys package io.appium.uiautomator2.server.test'
[debug] [38;5;64m[ADB][0m 'io.appium.uiautomator2.server.test' is installed
[debug] [38;5;64m[ADB][0m Checking app cert for D:\AppiumGitRepo\Chandu\ChanduPrj\node_modules\appium-uiautomator2-driver\node_modules\appium-uiautomator2-server\apks\appium-uiautomator2-server-debug-androidTest.apk
[debug] [38;5;64m[ADB][0m Starting apksigner: 'C:\\Program Files\\Java\\jdk-11\\bin\\java.exe' -Xmx1024M -Xss1m -jar C:\\Users\\Mehul\\AppData\\Local\\Android\\Sdk\\build-tools\\33.0.1\\lib\\apksigner.jar verify --print-certs D:\\AppiumGitRepo\\Chandu\\ChanduPrj\\node_modules\\appium-uiautomator2-driver\\node_modules\\appium-uiautomator2-server\\apks\\appium-uiautomator2-server-debug-androidTest.apk
[debug] [38;5;64m[ADB][0m apksigner stdout: Signer #1 certificate DN: EMAILADDRESS=android@android.com, CN=Android, OU=Android, O=Android, L=Mountain View, ST=California, C=US
[debug] [38;5;64m[ADB][0m Signer #1 certificate SHA-256 digest: a40da80a59d170caa950cf15c18c454d47a39b26989d8b640ecd745ba71bf5dc
[debug] [38;5;64m[ADB][0m Signer #1 certificate SHA-1 digest: 61ed377e85d386a8dfee6b864bd85b0bfaa5af81
[debug] [38;5;64m[ADB][0m Signer #1 certificate MD5 digest: e89b158e4bcf988ebd09eb83f5378e87
[debug] [38;5;64m[ADB][0m 
[debug] [38;5;64m[ADB][0m sha256 hash did match for 'appium-uiautomator2-server-debug-androidTest.apk'
[38;5;64m[ADB][0m 'D:\AppiumGitRepo\Chandu\ChanduPrj\node_modules\appium-uiautomator2-driver\node_modules\appium-uiautomator2-server\apks\appium-uiautomator2-server-debug-androidTest.apk' is signed with the default certificate
[38;5;32m[AndroidUiautomator2Driver@ad6e (8c1c35cf)][0m Server packages are not going to be (re)installed
[debug] [38;5;32m[AndroidUiautomator2Driver@ad6e (8c1c35cf)][0m Waiting up to 30000ms for services to be available
[debug] [38;5;64m[ADB][0m Running 'C:\Users\Mehul\AppData\Local\Android\Sdk\platform-tools\adb.exe -P 5037 -s A47EUT2901000624 shell pm list instrumentation'
[debug] [38;5;32m[AndroidUiautomator2Driver@ad6e (8c1c35cf)][0m Instrumentation target 'io.appium.uiautomator2.server.test/androidx.test.runner.AndroidJUnitRunner' is available
[38;5;64m[ADB][0m Adding packages ["io.appium.settings","io.appium.uiautomator2.server","io.appium.uiautomator2.server.test"] to Doze whitelist
[debug] [38;5;64m[ADB][0m Got the following command chunks to execute: [["dumpsys","deviceidle","whitelist","+io.appium.settings",";","dumpsys","deviceidle","whitelist","+io.appium.uiautomator2.server",";","dumpsys","deviceidle","whitelist","+io.appium.uiautomator2.server.test",";"]]
[debug] [38;5;64m[ADB][0m Running 'C:\Users\Mehul\AppData\Local\Android\Sdk\platform-tools\adb.exe -P 5037 -s A47EUT2901000624 shell dumpsys deviceidle whitelist +io.appium.settings ; dumpsys deviceidle whitelist +io.appium.uiautomator2.server ; dumpsys deviceidle whitelist +io.appium.uiautomator2.server.test ;'
[debug] [38;5;64m[ADB][0m Checking app cert for D:\Dummy\Android-NativeDemoApp-0.4.0.apk
[debug] [38;5;64m[ADB][0m Starting apksigner: 'C:\\Program Files\\Java\\jdk-11\\bin\\java.exe' -Xmx1024M -Xss1m -jar C:\\Users\\Mehul\\AppData\\Local\\Android\\Sdk\\build-tools\\33.0.1\\lib\\apksigner.jar verify --print-certs D:\\Dummy\\Android-NativeDemoApp-0.4.0.apk
[debug] [38;5;64m[ADB][0m apksigner stdout: Signer #1 certificate DN: CN=WebdriverIO, OU=WebdriverIO, O=WebdriverIO, L=Berlin, ST=Brandenburg, C=GE
[debug] [38;5;64m[ADB][0m Signer #1 certificate SHA-256 digest: 71df6be97c50600d2a3ab7d69474b188e7b4f57de740e40053120e845bc620f0
[debug] [38;5;64m[ADB][0m Signer #1 certificate SHA-1 digest: 21c2f833d61742c16149a98c3802f2f82f6cb059
[debug] [38;5;64m[ADB][0m Signer #1 certificate MD5 digest: f70cf1963e27f72ff92ecad01c2932c6
[debug] [38;5;64m[ADB][0m 
[38;5;64m[ADB][0m 'D:\Dummy\Android-NativeDemoApp-0.4.0.apk' is signed with a non-default certificate
[debug] [38;5;64m[ADB][0m Getting install status for com.wdiodemoapp
[debug] [38;5;64m[ADB][0m Running 'C:\Users\Mehul\AppData\Local\Android\Sdk\platform-tools\adb.exe -P 5037 -s A47EUT2901000624 shell dumpsys package com.wdiodemoapp'
[debug] [38;5;64m[ADB][0m 'com.wdiodemoapp' is installed
[debug] [38;5;64m[ADB][0m Getting package info for 'com.wdiodemoapp'
[debug] [38;5;64m[ADB][0m Running 'C:\Users\Mehul\AppData\Local\Android\Sdk\platform-tools\adb.exe -P 5037 -s A47EUT2901000624 shell dumpsys package com.wdiodemoapp'
[debug] [38;5;64m[ADB][0m The version name of the installed 'com.wdiodemoapp' is greater or equal to the application version name ('0.4.0' >= '0.4.0')
[debug] [38;5;64m[ADB][0m There is no need to install/upgrade 'D:\Dummy\Android-NativeDemoApp-0.4.0.apk'
[38;5;80m[AndroidDriver][0m Performing fast reset on 'com.wdiodemoapp'
[debug] [38;5;64m[ADB][0m Getting install status for com.wdiodemoapp
[debug] [38;5;64m[ADB][0m Running 'C:\Users\Mehul\AppData\Local\Android\Sdk\platform-tools\adb.exe -P 5037 -s A47EUT2901000624 shell dumpsys package com.wdiodemoapp'
[debug] [38;5;64m[ADB][0m 'com.wdiodemoapp' is installed
[debug] [38;5;64m[ADB][0m Running 'C:\Users\Mehul\AppData\Local\Android\Sdk\platform-tools\adb.exe -P 5037 -s A47EUT2901000624 shell am force-stop com.wdiodemoapp'
[debug] [38;5;64m[ADB][0m Running 'C:\Users\Mehul\AppData\Local\Android\Sdk\platform-tools\adb.exe -P 5037 -s A47EUT2901000624 shell pm clear com.wdiodemoapp'
[debug] [38;5;80m[AndroidDriver][0m Performed fast reset on the installed 'com.wdiodemoapp' application (stop and clear)
[debug] [38;5;32m[AndroidUiautomator2Driver@ad6e (8c1c35cf)][0m Performing shallow cleanup of automation leftovers
[debug] [38;5;32m[AndroidUiautomator2Driver@ad6e (8c1c35cf)][0m No obsolete sessions have been detected
[debug] [38;5;64m[ADB][0m Running 'C:\Users\Mehul\AppData\Local\Android\Sdk\platform-tools\adb.exe -P 5037 -s A47EUT2901000624 shell am force-stop io.appium.uiautomator2.server.test'
[38;5;32m[AndroidUiautomator2Driver@ad6e (8c1c35cf)][0m Starting UIAutomator2 server 5.7.8
[38;5;32m[AndroidUiautomator2Driver@ad6e (8c1c35cf)][0m Using UIAutomator2 server from 'D:\AppiumGitRepo\Chandu\ChanduPrj\node_modules\appium-uiautomator2-driver\node_modules\appium-uiautomator2-server\apks\appium-uiautomator2-server-v5.7.8.apk' and test from 'D:\AppiumGitRepo\Chandu\ChanduPrj\node_modules\appium-uiautomator2-driver\node_modules\appium-uiautomator2-server\apks\appium-uiautomator2-server-debug-androidTest.apk'
[38;5;32m[AndroidUiautomator2Driver@ad6e (8c1c35cf)][0m Waiting up to 30000ms for UiAutomator2 to be online...
[debug] [38;5;64m[ADB][0m Creating ADB subprocess with args: ["-P",5037,"-s","A47EUT2901000624","shell","am","instrument","-w","-e","disableAnalytics",true,"io.appium.uiautomator2.server.test/androidx.test.runner.AndroidJUnitRunner"]
[debug] [38;5;32m[AndroidUiautomator2Driver@ad6e (8c1c35cf)][0m Matched '/status' to command name 'getStatus'
[debug] [38;5;32m[AndroidUiautomator2Driver@ad6e (8c1c35cf)][0m Proxying [GET /status] to [GET http://127.0.0.1:8202/status] with no body
[debug] [38;5;32m[AndroidUiautomator2Driver@ad6e (8c1c35cf)][0m Got response with status 200: {"sessionId":"None","value":{"message":"UiAutomator2 Server is ready to accept commands","ready":true}}
[debug] [38;5;32m[AndroidUiautomator2Driver@ad6e (8c1c35cf)][0m The initialization of the instrumentation process took 38ms
[debug] [38;5;32m[AndroidUiautomator2Driver@ad6e (8c1c35cf)][0m Matched '/session' to command name 'createSession'
[debug] [38;5;32m[AndroidUiautomator2Driver@ad6e (8c1c35cf)][0m Proxying [POST /session] to [POST http://127.0.0.1:8202/session] with body: {"capabilities":{"firstMatch":[{"platform":"LINUX","webStorageEnabled":false,"takesScreenshot":true,"javascriptEnabled":true,"databaseEnabled":false,"networkConnectionEnabled":true,"locationContextEnabled":false,"warnings":{},"desired":{"platformName":"Android","platformVersion":"11","deviceName":"HONOR","automationName":"UiAutomator2","app":"D:\\Dummy\\Android-NativeDemoApp-0.4.0.apk"},"platformName":"Android","platformVersion":"11","deviceName":"A47EUT2901000624","automationName":"UiAutomator2","app":"D:\\Dummy\\Android-NativeDemoApp-0.4.0.apk","deviceUDID":"A47EUT2901000624","appPackage":"com.wdiodemoapp"}],"alwaysMatch":{}}}
[debug] [38;5;32m[AndroidUiautomator2Driver@ad6e (8c1c35cf)][0m Got response with status 200: {"sessionId":"b648f753-83d6-447f-92b5-bf4254db268f","value":{"capabilities":{"firstMatch":[{"platform":"LINUX","webStorageEnabled":false,"takesScreenshot":true,"javascriptEnabled":true,"databaseEnabled":false,"networkConnectionEnabled":true,"locationContextEnabled":false,"warnings":{},"desired":{"platformName":"Android","platformVersion":"11","deviceName":"HONOR","automationName":"UiAutomator2","app":"D:\\Dummy\\Android-NativeDemoApp-0.4.0.apk"},"platformName":"Android","platformVersion":"11","deviceName":"A47EUT2901000624","automationName":"UiAutomator2","app":"D:\\Dummy\\Android-NativeDemoApp-0.4.0.apk","deviceUDID":"A47EUT2901000624","appPackage":"com.wdiodemoapp"}],"alwaysMatch":{}},"sessionId":"b648f753-83d6-447f-92b5-bf4254db268f"}}
[38;5;32m[AndroidUiautomator2Driver@ad6e (8c1c35cf)][0m Determined the downstream protocol as 'W3C'
[debug] [38;5;32m[AndroidUiautomator2Driver@ad6e (8c1c35cf)][0m Proxying [GET /appium/device/info] to [GET http://127.0.0.1:8202/session/b648f753-83d6-447f-92b5-bf4254db268f/appium/device/info] with no body
[38;5;32m[AndroidUiautomator2Driver@ad6e (8c1c35cf)][0m socket hang up
[debug] [38;5;32m[AndroidUiautomator2Driver@ad6e (8c1c35cf)][0m Deleting UiAutomator2 session
[debug] [38;5;32m[AndroidUiautomator2Driver@ad6e (8c1c35cf)][0m Deleting UiAutomator2 server session
[debug] [38;5;32m[AndroidUiautomator2Driver@ad6e (8c1c35cf)][0m Matched '/' to command name 'deleteSession'
[debug] [38;5;32m[AndroidUiautomator2Driver@ad6e (8c1c35cf)][0m Proxying [DELETE /] to [DELETE http://127.0.0.1:8202/session/b648f753-83d6-447f-92b5-bf4254db268f] with no body
[38;5;32m[AndroidUiautomator2Driver@ad6e (8c1c35cf)][0m socket hang up
[38;5;32m[AndroidUiautomator2Driver@ad6e (8c1c35cf)][0m Did not get confirmation UiAutomator2 deleteSession worked; Error was: UnknownError: An unknown server-side error occurred while processing the command. Original error: Could not proxy command to the remote server. Original error: socket hang up
[debug] [38;5;64m[ADB][0m Running 'C:\Users\Mehul\AppData\Local\Android\Sdk\platform-tools\adb.exe -P 5037 -s A47EUT2901000624 shell dumpsys activity services io.appium.settings/.recorder.RecorderService'
[debug] [38;5;64m[ADB][0m Running 'C:\Users\Mehul\AppData\Local\Android\Sdk\platform-tools\adb.exe -P 5037 -s A47EUT2901000624 shell am force-stop com.wdiodemoapp'
[debug] [38;5;96m[Logcat][0m Stopping logcat capture
[debug] [38;5;64m[ADB][0m Removing forwarded port socket connection: 8202 
[debug] [38;5;64m[ADB][0m Running 'C:\Users\Mehul\AppData\Local\Android\Sdk\platform-tools\adb.exe -P 5037 -s A47EUT2901000624 forward --remove tcp:8202'
[38;5;32m[AndroidUiautomator2Driver@ad6e (8c1c35cf)][0m Restoring hidden api policy to the device default configuration
[debug] [38;5;64m[ADB][0m Running 'C:\Users\Mehul\AppData\Local\Android\Sdk\platform-tools\adb.exe -P 5037 -s A47EUT2901000624 shell 'settings delete global hidden_api_policy_pre_p_apps;settings delete global hidden_api_policy_p_apps;settings delete global hidden_api_policy''
[debug] [38;5;16m[AppiumDriver@6fdb][0m Event 'newSessionStarted' logged at 1677000545989 (17:29:05 GMT+0000 (Greenwich Mean Time))
[debug] [38;5;16m[AppiumDriver@6fdb][0m Encountered internal error running command: UnknownError: An unknown server-side error occurred while processing the command. Original error: Could not proxy command to the remote server. Original error: socket hang up
[debug] [38;5;16m[AppiumDriver@6fdb][0m     at UIA2Proxy.command (D:\AppiumGitRepo\Chandu\ChanduPrj\node_modules\@appium\base-driver\lib\jsonwp-proxy\proxy.js:342:13)
[debug] [38;5;16m[AppiumDriver@6fdb][0m     at processTicksAndRejections (node:internal/process/task_queues:95:5)
[debug] [38;5;16m[AppiumDriver@6fdb][0m     at AndroidUiautomator2Driver.commands.mobileGetDeviceInfo (D:\AppiumGitRepo\Chandu\ChanduPrj\node_modules\appium-uiautomator2-driver\lib\commands\general.js:278:10)
[debug] [38;5;16m[AppiumDriver@6fdb][0m     at AndroidUiautomator2Driver.addDeviceInfoToCaps (D:\AppiumGitRepo\Chandu\ChanduPrj\node_modules\appium-uiautomator2-driver\lib\driver.js:473:9)
[debug] [38;5;16m[AppiumDriver@6fdb][0m     at AndroidUiautomator2Driver.startUiAutomator2Session (D:\AppiumGitRepo\Chandu\ChanduPrj\node_modules\appium-uiautomator2-driver\lib\driver.js:429:5)
[debug] [38;5;16m[AppiumDriver@6fdb][0m     at AndroidUiautomator2Driver.createSession (D:\AppiumGitRepo\Chandu\ChanduPrj\node_modules\appium-uiautomator2-driver\lib\driver.js:240:7)
[debug] [38;5;16m[AppiumDriver@6fdb][0m     at AppiumDriver.createSession (D:\AppiumGitRepo\Chandu\ChanduPrj\node_modules\appium\lib\appium.js:337:35)
[38;5;0m[HTTP][0m [37m<-- POST /session [39m[31m500[39m [90m8431 ms - 1377[39m
[38;5;0m[HTTP][0m [90m[39m
[debug] [38;5;112m[Instrumentation][0m io.appium.uiautomator2.server.test.AppiumUiAutomator2Server:
[38;5;0m[HTTP][0m [37m-->[39m [37mPOST[39m [37m/session[39m
[38;5;0m[HTTP][0m [90m{"capabilities":{"alwaysMatch":{"platformName":"Android","appium:platformVersion":"11","appium:deviceName":"HONOR","appium:automationName":"UiAutomator2","appium:app":"D:\\Dummy\\Android-NativeDemoApp-0.4.0.apk"},"firstMatch":[{}]},"desiredCapabilities":{"platformName":"Android","appium:platformVersion":"11","appium:deviceName":"HONOR","appium:automationName":"UiAutomator2","appium:app":"D:\\Dummy\\Android-NativeDemoApp-0.4.0.apk"}}[39m
[debug] [38;5;16m[AppiumDriver@6fdb][0m Calling AppiumDriver.createSession() with args: [{"platformName":"Android","appium:platformVersion":"11","appium:deviceName":"HONOR","appium:automationName":"UiAutomator2","appium:app":"D:\\Dummy\\Android-NativeDemoApp-0.4.0.apk"},null,{"alwaysMatch":{"platformName":"Android","appium:platformVersion":"11","appium:deviceName":"HONOR","appium:automationName":"UiAutomator2","appium:app":"D:\\Dummy\\Android-NativeDemoApp-0.4.0.apk"},"firstMatch":[{}]}]
[debug] [38;5;16m[AppiumDriver@6fdb][0m Event 'newSessionRequested' logged at 1677000546180 (17:29:06 GMT+0000 (Greenwich Mean Time))
[35m[Appium][39m Attempting to find matching driver for automationName 'UiAutomator2' and platformName 'Android'
[35m[Appium][39m The 'uiautomator2' driver was installed and matched caps.
[35m[Appium][39m Will require it at D:/AppiumGitRepo/Chandu/ChanduPrj/node_modules/appium-uiautomator2-driver
[debug] [35m[Appium][39m Requiring driver at D:/AppiumGitRepo/Chandu/ChanduPrj/node_modules/appium-uiautomator2-driver
[38;5;16m[AppiumDriver@6fdb][0m Appium v2.0.0-beta.55 creating new AndroidUiautomator2Driver (v2.12.4) session
[38;5;16m[AppiumDriver@6fdb][0m Checking BaseDriver versions for Appium and AndroidUiautomator2Driver
[38;5;16m[AppiumDriver@6fdb][0m Appium's BaseDriver version is 9.3.1
[38;5;16m[AppiumDriver@6fdb][0m AndroidUiautomator2Driver's BaseDriver version is 9.3.1
[debug] [38;5;32m[AndroidUiautomator2Driver@0a60][0m Creating session with W3C capabilities: {
[debug] [38;5;32m[AndroidUiautomator2Driver@0a60][0m   "alwaysMatch": {
[debug] [38;5;32m[AndroidUiautomator2Driver@0a60][0m     "platformName": "Android",
[debug] [38;5;32m[AndroidUiautomator2Driver@0a60][0m     "appium:platformVersion": "11",
[debug] [38;5;32m[AndroidUiautomator2Driver@0a60][0m     "appium:deviceName": "HONOR",
[debug] [38;5;32m[AndroidUiautomator2Driver@0a60][0m     "appium:automationName": "UiAutomator2",
[debug] [38;5;32m[AndroidUiautomator2Driver@0a60][0m     "appium:app": "D:\\Dummy\\Android-NativeDemoApp-0.4.0.apk"
[debug] [38;5;32m[AndroidUiautomator2Driver@0a60][0m   },
[debug] [38;5;32m[AndroidUiautomator2Driver@0a60][0m   "firstMatch": [
[debug] [38;5;32m[AndroidUiautomator2Driver@0a60][0m     {}
[debug] [38;5;32m[AndroidUiautomator2Driver@0a60][0m   ]
[debug] [38;5;32m[AndroidUiautomator2Driver@0a60][0m }
[38;5;32m[AndroidUiautomator2Driver@0a60 (fcb3b1fc)][0m Session created with session id: fcb3b1fc-238e-4309-85b7-1966c3de53f3
[38;5;48m[BaseDriver][0m Using local app 'D:\Dummy\Android-NativeDemoApp-0.4.0.apk'
[debug] [38;5;32m[AndroidUiautomator2Driver@0a60 (fcb3b1fc)][0m Checking whether app is actually present
[38;5;64m[ADB][0m Using 'adb.exe' from 'C:\Users\Mehul\AppData\Local\Android\Sdk\platform-tools\adb.exe'
[debug] [38;5;64m[ADB][0m Running 'C:\Users\Mehul\AppData\Local\Android\Sdk\platform-tools\adb.exe -P 5037 start-server'
[38;5;80m[AndroidDriver][0m Retrieving device list
[debug] [38;5;64m[ADB][0m Trying to find a connected android device
[debug] [38;5;64m[ADB][0m Getting connected devices
[debug] [38;5;64m[ADB][0m Connected devices: [{"udid":"A47EUT2901000624","state":"device"}]
[38;5;80m[AndroidDriver][0m Looking for a device with Android '11.0.0'
[debug] [38;5;64m[ADB][0m Setting device id to A47EUT2901000624
[38;5;64m[ADB][0m Getting device platform version
[debug] [38;5;64m[ADB][0m Running 'C:\Users\Mehul\AppData\Local\Android\Sdk\platform-tools\adb.exe -P 5037 -s A47EUT2901000624 shell getprop ro.build.version.release'
[debug] [38;5;64m[ADB][0m Current device property 'ro.build.version.release': 11
[38;5;80m[AndroidDriver][0m Using device: A47EUT2901000624
[38;5;64m[ADB][0m Using 'adb.exe' from 'C:\Users\Mehul\AppData\Local\Android\Sdk\platform-tools\adb.exe'
[debug] [38;5;64m[ADB][0m Running 'C:\Users\Mehul\AppData\Local\Android\Sdk\platform-tools\adb.exe -P 5037 start-server'
[debug] [38;5;64m[ADB][0m Setting device id to A47EUT2901000624
[debug] [38;5;64m[ADB][0m Running 'C:\Users\Mehul\AppData\Local\Android\Sdk\platform-tools\adb.exe -P 5037 -s A47EUT2901000624 shell getprop ro.build.version.sdk'
[debug] [38;5;64m[ADB][0m Current device property 'ro.build.version.sdk': 30
[38;5;64m[ADB][0m Getting device platform version
[debug] [38;5;64m[ADB][0m Running 'C:\Users\Mehul\AppData\Local\Android\Sdk\platform-tools\adb.exe -P 5037 -s A47EUT2901000624 shell getprop ro.build.version.release'
[debug] [38;5;64m[ADB][0m Current device property 'ro.build.version.release': 11
[debug] [38;5;64m[ADB][0m Device API level: 30
[38;5;32m[AndroidUiautomator2Driver@0a60 (fcb3b1fc)][0m Relaxing hidden api policy
[debug] [38;5;64m[ADB][0m Running 'C:\Users\Mehul\AppData\Local\Android\Sdk\platform-tools\adb.exe -P 5037 -s A47EUT2901000624 shell 'settings put global hidden_api_policy_pre_p_apps 1;settings put global hidden_api_policy_p_apps 1;settings put global hidden_api_policy 1''
[debug] [38;5;80m[AndroidDriver][0m Parsing package and activity from app manifest
[38;5;64m[ADB][0m Package name: 'com.wdiodemoapp'
[38;5;64m[ADB][0m Main activity name: 'com.wdiodemoapp.SplashActivity'
[debug] [38;5;80m[AndroidDriver][0m Parsed package and activity are: com.wdiodemoapp/com.wdiodemoapp.SplashActivity
[debug] [38;5;64m[ADB][0m Running 'C:\Users\Mehul\AppData\Local\Android\Sdk\platform-tools\adb.exe -P 5037 -s A47EUT2901000624 wait-for-device'
[debug] [38;5;64m[ADB][0m Running 'C:\Users\Mehul\AppData\Local\Android\Sdk\platform-tools\adb.exe -P 5037 -s A47EUT2901000624 shell echo ping'
[debug] [38;5;80m[AndroidDriver][0m Pushing settings apk to device...
[debug] [38;5;64m[ADB][0m Getting install status for io.appium.settings
[debug] [38;5;64m[ADB][0m Running 'C:\Users\Mehul\AppData\Local\Android\Sdk\platform-tools\adb.exe -P 5037 -s A47EUT2901000624 shell dumpsys package io.appium.settings'
[debug] [38;5;64m[ADB][0m 'io.appium.settings' is installed
[debug] [38;5;64m[ADB][0m Getting package info for 'io.appium.settings'
[debug] [38;5;64m[ADB][0m Running 'C:\Users\Mehul\AppData\Local\Android\Sdk\platform-tools\adb.exe -P 5037 -s A47EUT2901000624 shell dumpsys package io.appium.settings'
[debug] [38;5;64m[ADB][0m The version name of the installed 'io.appium.settings' is greater or equal to the application version name ('5.0.3' >= '5.0.3')
[debug] [38;5;64m[ADB][0m There is no need to install/upgrade 'D:\AppiumGitRepo\Chandu\ChanduPrj\node_modules\appium-uiautomator2-driver\node_modules\io.appium.settings\apks\settings_apk-debug.apk'
[debug] [38;5;64m[ADB][0m Getting IDs of all 'io.appium.settings' processes
[debug] [38;5;64m[ADB][0m Running 'C:\Users\Mehul\AppData\Local\Android\Sdk\platform-tools\adb.exe -P 5037 -s A47EUT2901000624 shell 'pgrep --help; echo $?''
[debug] [38;5;64m[ADB][0m Running 'C:\Users\Mehul\AppData\Local\Android\Sdk\platform-tools\adb.exe -P 5037 -s A47EUT2901000624 shell pgrep -f \(\[\[:blank:\]\]\|\^\)io\.appium\.settings\(\[\[:blank:\]\]\|\$\)'
[debug] [38;5;80m[AndroidDriver][0m io.appium.settings is already running. There is no need to reset its permissions.
[debug] [38;5;64m[ADB][0m Running 'C:\Users\Mehul\AppData\Local\Android\Sdk\platform-tools\adb.exe -P 5037 -s A47EUT2901000624 shell appops set io.appium.settings android:mock_location allow'
[debug] [38;5;64m[ADB][0m Running 'C:\Users\Mehul\AppData\Local\Android\Sdk\platform-tools\adb.exe -P 5037 -s A47EUT2901000624 shell "[ -e '/data/local/tmp/mock_apps.json' ] && echo __PASS__"'
[debug] [38;5;64m[ADB][0m Running 'C:\Users\Mehul\AppData\Local\Android\Sdk\platform-tools\adb.exe -P 5037 -s A47EUT2901000624 shell cat /data/local/tmp/mock_apps.json'
[debug] [38;5;96m[Logcat][0m Starting logs capture with command: C:\\Users\\Mehul\\AppData\\Local\\Android\\Sdk\\platform-tools\\adb.exe -P 5037 -s A47EUT2901000624 logcat -v threadtime
[debug] [38;5;32m[AndroidUiautomator2Driver@0a60 (fcb3b1fc)][0m Forwarding UiAutomator2 Server port 6790 to local port 8202
[debug] [38;5;64m[ADB][0m Forwarding system: 8202 to device: 6790
[debug] [38;5;64m[ADB][0m Running 'C:\Users\Mehul\AppData\Local\Android\Sdk\platform-tools\adb.exe -P 5037 -s A47EUT2901000624 forward tcp:8202 tcp:6790'
[debug] [38;5;64m[ADB][0m Getting install status for io.appium.uiautomator2.server
[debug] [38;5;64m[ADB][0m Running 'C:\Users\Mehul\AppData\Local\Android\Sdk\platform-tools\adb.exe -P 5037 -s A47EUT2901000624 shell dumpsys package io.appium.uiautomator2.server'
[debug] [38;5;64m[ADB][0m 'io.appium.uiautomator2.server' is installed
[debug] [38;5;64m[ADB][0m Getting package info for 'io.appium.uiautomator2.server'
[debug] [38;5;64m[ADB][0m Running 'C:\Users\Mehul\AppData\Local\Android\Sdk\platform-tools\adb.exe -P 5037 -s A47EUT2901000624 shell dumpsys package io.appium.uiautomator2.server'
[debug] [38;5;64m[ADB][0m The version name of the installed 'io.appium.uiautomator2.server' is greater or equal to the application version name ('5.7.8' >= '5.7.8')
[debug] [38;5;32m[AndroidUiautomator2Driver@0a60 (fcb3b1fc)][0m io.appium.uiautomator2.server installation state: sameVersionInstalled
[debug] [38;5;64m[ADB][0m Checking app cert for D:\AppiumGitRepo\Chandu\ChanduPrj\node_modules\appium-uiautomator2-driver\node_modules\appium-uiautomator2-server\apks\appium-uiautomator2-server-v5.7.8.apk
[debug] [38;5;64m[ADB][0m Using the previously cached signature entry for 'appium-uiautomator2-server-v5.7.8.apk'
[debug] [38;5;64m[ADB][0m sha256 hash did match for 'appium-uiautomator2-server-v5.7.8.apk'
[debug] [38;5;64m[ADB][0m Getting install status for io.appium.uiautomator2.server.test
[debug] [38;5;64m[ADB][0m Running 'C:\Users\Mehul\AppData\Local\Android\Sdk\platform-tools\adb.exe -P 5037 -s A47EUT2901000624 shell dumpsys package io.appium.uiautomator2.server.test'
[debug] [38;5;64m[ADB][0m 'io.appium.uiautomator2.server.test' is installed
[debug] [38;5;64m[ADB][0m Checking app cert for D:\AppiumGitRepo\Chandu\ChanduPrj\node_modules\appium-uiautomator2-driver\node_modules\appium-uiautomator2-server\apks\appium-uiautomator2-server-debug-androidTest.apk
[debug] [38;5;64m[ADB][0m Using the previously cached signature entry for 'appium-uiautomator2-server-debug-androidTest.apk'
[debug] [38;5;64m[ADB][0m sha256 hash did match for 'appium-uiautomator2-server-debug-androidTest.apk'
[38;5;32m[AndroidUiautomator2Driver@0a60 (fcb3b1fc)][0m Server packages are not going to be (re)installed
[debug] [38;5;32m[AndroidUiautomator2Driver@0a60 (fcb3b1fc)][0m Waiting up to 30000ms for services to be available
[debug] [38;5;64m[ADB][0m Running 'C:\Users\Mehul\AppData\Local\Android\Sdk\platform-tools\adb.exe -P 5037 -s A47EUT2901000624 shell pm list instrumentation'
[debug] [38;5;32m[AndroidUiautomator2Driver@0a60 (fcb3b1fc)][0m Instrumentation target 'io.appium.uiautomator2.server.test/androidx.test.runner.AndroidJUnitRunner' is available
[38;5;64m[ADB][0m Adding packages ["io.appium.settings","io.appium.uiautomator2.server","io.appium.uiautomator2.server.test"] to Doze whitelist
[debug] [38;5;64m[ADB][0m Got the following command chunks to execute: [["dumpsys","deviceidle","whitelist","+io.appium.settings",";","dumpsys","deviceidle","whitelist","+io.appium.uiautomator2.server",";","dumpsys","deviceidle","whitelist","+io.appium.uiautomator2.server.test",";"]]
[debug] [38;5;64m[ADB][0m Running 'C:\Users\Mehul\AppData\Local\Android\Sdk\platform-tools\adb.exe -P 5037 -s A47EUT2901000624 shell dumpsys deviceidle whitelist +io.appium.settings ; dumpsys deviceidle whitelist +io.appium.uiautomator2.server ; dumpsys deviceidle whitelist +io.appium.uiautomator2.server.test ;'
[debug] [38;5;64m[ADB][0m Checking app cert for D:\Dummy\Android-NativeDemoApp-0.4.0.apk
[debug] [38;5;64m[ADB][0m Using the previously cached signature entry for 'Android-NativeDemoApp-0.4.0.apk'
[debug] [38;5;64m[ADB][0m Getting install status for com.wdiodemoapp
[debug] [38;5;64m[ADB][0m Running 'C:\Users\Mehul\AppData\Local\Android\Sdk\platform-tools\adb.exe -P 5037 -s A47EUT2901000624 shell dumpsys package com.wdiodemoapp'
[debug] [38;5;64m[ADB][0m 'com.wdiodemoapp' is installed
[debug] [38;5;64m[ADB][0m Getting package info for 'com.wdiodemoapp'
[debug] [38;5;64m[ADB][0m Running 'C:\Users\Mehul\AppData\Local\Android\Sdk\platform-tools\adb.exe -P 5037 -s A47EUT2901000624 shell dumpsys package com.wdiodemoapp'
[debug] [38;5;64m[ADB][0m The version name of the installed 'com.wdiodemoapp' is greater or equal to the application version name ('0.4.0' >= '0.4.0')
[debug] [38;5;64m[ADB][0m There is no need to install/upgrade 'D:\Dummy\Android-NativeDemoApp-0.4.0.apk'
[38;5;80m[AndroidDriver][0m Performing fast reset on 'com.wdiodemoapp'
[debug] [38;5;64m[ADB][0m Getting install status for com.wdiodemoapp
[debug] [38;5;64m[ADB][0m Running 'C:\Users\Mehul\AppData\Local\Android\Sdk\platform-tools\adb.exe -P 5037 -s A47EUT2901000624 shell dumpsys package com.wdiodemoapp'
[debug] [38;5;64m[ADB][0m 'com.wdiodemoapp' is installed
[debug] [38;5;64m[ADB][0m Running 'C:\Users\Mehul\AppData\Local\Android\Sdk\platform-tools\adb.exe -P 5037 -s A47EUT2901000624 shell am force-stop com.wdiodemoapp'
[debug] [38;5;64m[ADB][0m Running 'C:\Users\Mehul\AppData\Local\Android\Sdk\platform-tools\adb.exe -P 5037 -s A47EUT2901000624 shell pm clear com.wdiodemoapp'
[debug] [38;5;80m[AndroidDriver][0m Performed fast reset on the installed 'com.wdiodemoapp' application (stop and clear)
[debug] [38;5;32m[AndroidUiautomator2Driver@0a60 (fcb3b1fc)][0m Performing shallow cleanup of automation leftovers
[debug] [38;5;32m[AndroidUiautomator2Driver@0a60 (fcb3b1fc)][0m No obsolete sessions have been detected
[debug] [38;5;64m[ADB][0m Running 'C:\Users\Mehul\AppData\Local\Android\Sdk\platform-tools\adb.exe -P 5037 -s A47EUT2901000624 shell am force-stop io.appium.uiautomator2.server.test'
[38;5;32m[AndroidUiautomator2Driver@0a60 (fcb3b1fc)][0m Starting UIAutomator2 server 5.7.8
[38;5;32m[AndroidUiautomator2Driver@0a60 (fcb3b1fc)][0m Using UIAutomator2 server from 'D:\AppiumGitRepo\Chandu\ChanduPrj\node_modules\appium-uiautomator2-driver\node_modules\appium-uiautomator2-server\apks\appium-uiautomator2-server-v5.7.8.apk' and test from 'D:\AppiumGitRepo\Chandu\ChanduPrj\node_modules\appium-uiautomator2-driver\node_modules\appium-uiautomator2-server\apks\appium-uiautomator2-server-debug-androidTest.apk'
[38;5;32m[AndroidUiautomator2Driver@0a60 (fcb3b1fc)][0m Waiting up to 30000ms for UiAutomator2 to be online...
[debug] [38;5;64m[ADB][0m Creating ADB subprocess with args: ["-P",5037,"-s","A47EUT2901000624","shell","am","instrument","-w","-e","disableAnalytics",true,"io.appium.uiautomator2.server.test/androidx.test.runner.AndroidJUnitRunner"]
[debug] [38;5;32m[AndroidUiautomator2Driver@0a60 (fcb3b1fc)][0m Matched '/status' to command name 'getStatus'
[debug] [38;5;32m[AndroidUiautomator2Driver@0a60 (fcb3b1fc)][0m Proxying [GET /status] to [GET http://127.0.0.1:8202/status] with no body
[debug] [38;5;32m[AndroidUiautomator2Driver@0a60 (fcb3b1fc)][0m Got response with status 200: {"sessionId":"None","value":{"message":"UiAutomator2 Server is ready to accept commands","ready":true}}
[debug] [38;5;32m[AndroidUiautomator2Driver@0a60 (fcb3b1fc)][0m The initialization of the instrumentation process took 56ms
[debug] [38;5;32m[AndroidUiautomator2Driver@0a60 (fcb3b1fc)][0m Matched '/session' to command name 'createSession'
[debug] [38;5;32m[AndroidUiautomator2Driver@0a60 (fcb3b1fc)][0m Proxying [POST /session] to [POST http://127.0.0.1:8202/session] with body: {"capabilities":{"firstMatch":[{"platform":"LINUX","webStorageEnabled":false,"takesScreenshot":true,"javascriptEnabled":true,"databaseEnabled":false,"networkConnectionEnabled":true,"locationContextEnabled":false,"warnings":{},"desired":{"platformName":"Android","platformVersion":"11","deviceName":"HONOR","automationName":"UiAutomator2","app":"D:\\Dummy\\Android-NativeDemoApp-0.4.0.apk"},"platformName":"Android","platformVersion":"11","deviceName":"A47EUT2901000624","automationName":"UiAutomator2","app":"D:\\Dummy\\Android-NativeDemoApp-0.4.0.apk","deviceUDID":"A47EUT2901000624","appPackage":"com.wdiodemoapp"}],"alwaysMatch":{}}}
[debug] [38;5;32m[AndroidUiautomator2Driver@0a60 (fcb3b1fc)][0m Got response with status 200: {"sessionId":"9c83b890-ab71-4cbe-9634-59c579ce9f32","value":{"capabilities":{"firstMatch":[{"platform":"LINUX","webStorageEnabled":false,"takesScreenshot":true,"javascriptEnabled":true,"databaseEnabled":false,"networkConnectionEnabled":true,"locationContextEnabled":false,"warnings":{},"desired":{"platformName":"Android","platformVersion":"11","deviceName":"HONOR","automationName":"UiAutomator2","app":"D:\\Dummy\\Android-NativeDemoApp-0.4.0.apk"},"platformName":"Android","platformVersion":"11","deviceName":"A47EUT2901000624","automationName":"UiAutomator2","app":"D:\\Dummy\\Android-NativeDemoApp-0.4.0.apk","deviceUDID":"A47EUT2901000624","appPackage":"com.wdiodemoapp"}],"alwaysMatch":{}},"sessionId":"9c83b890-ab71-4cbe-9634-59c579ce9f32"}}
[38;5;32m[AndroidUiautomator2Driver@0a60 (fcb3b1fc)][0m Determined the downstream protocol as 'W3C'
[debug] [38;5;32m[AndroidUiautomator2Driver@0a60 (fcb3b1fc)][0m Proxying [GET /appium/device/info] to [GET http://127.0.0.1:8202/session/9c83b890-ab71-4cbe-9634-59c579ce9f32/appium/device/info] with no body
[debug] [38;5;32m[AndroidUiautomator2Driver@0a60 (fcb3b1fc)][0m Got response with status 200: {"sessionId":"9c83b890-ab71-4cbe-9634-59c579ce9f32","value":{"androidId":"f87bb483cd54ee06","apiVersion":"30","bluetooth":{"state":"OFF"},"brand":"HONOR","carrierName":"","displayDensity":480,"locale":"en_GB","manufacturer":"HONOR","model":"ANY-NX1","networks":[{"capabilities":{"SSID":null,"linkDownBandwidthKbps":44687,"linkUpstreamBandwidthKbps":209274,"networkCapabilities":"NET_CAPABILITY_NOT_METERED,NET_CAPABILITY_INTERNET,NET_CAPABILITY_NOT_RESTRICTED,NET_CAPABILITY_TRUSTED,NET_CAPABILITY_NOT_VPN,NET_CAPABILITY_VALIDATED,NET_CAPABILITY_NOT_ROAMING,NET_CAPABILITY_FOREGROUND,NET_CAPABILITY_NOT_CONGESTED,NET_CAPABILITY_NOT_SUSPENDED","signalStrength":-80,"transportTypes":"TRANSPORT_WIFI"},"detailedState":"CONNECTED","extraInfo":"","isAvailable":true,"isConnected":true,"isFailover":false,"isRoaming":false,"state":"CONNECTED","subtype":0,"subtypeName":"","type":1,"typeName":"WIFI"}],"platformVersion":"11","realDisplaySize":"1080x2388","timeZone":"Europe/London"}}
[debug] [38;5;64m[ADB][0m Running 'C:\Users\Mehul\AppData\Local\Android\Sdk\platform-tools\adb.exe -P 5037 -s A47EUT2901000624 shell dumpsys window'
[38;5;80m[AndroidDriver][0m Screen already unlocked, doing nothing
[38;5;32m[AndroidUiautomator2Driver@0a60 (fcb3b1fc)][0m Starting 'com.wdiodemoapp/com.wdiodemoapp.SplashActivity and waiting for 'com.wdiodemoapp/com.wdiodemoapp.SplashActivity'
[debug] [38;5;64m[ADB][0m Running 'C:\Users\Mehul\AppData\Local\Android\Sdk\platform-tools\adb.exe -P 5037 -s A47EUT2901000624 shell am start -W -n com.wdiodemoapp/com.wdiodemoapp.SplashActivity -S -a android.intent.action.MAIN -c android.intent.category.LAUNCHER -f 0x10200000'
[debug] [38;5;112m[Instrumentation][0m INSTRUMENTATION_RESULT: shortMsg=Process crashed.
[debug] [38;5;112m[Instrumentation][0m INSTRUMENTATION_CODE: 0
[debug] [38;5;112m[Instrumentation][0m The process has exited with code 0
[debug] [38;5;112m[Instrumentation][0m io.appium.uiautomator2.server.test.AppiumUiAutomator2Server:
[debug] [38;5;64m[ADB][0m Waiting up to 20000ms for activity matching pkg: 'com.wdiodemoapp' and activity: 'com.wdiodemoapp.SplashActivity' to be focused
[debug] [38;5;64m[ADB][0m Possible activities, to be checked: 'com.wdiodemoapp.SplashActivity', 'com.wdiodemoapp.com.wdiodemoapp.SplashActivity'
[debug] [38;5;64m[ADB][0m Getting focused package and activity
[debug] [38;5;64m[ADB][0m Running 'C:\Users\Mehul\AppData\Local\Android\Sdk\platform-tools\adb.exe -P 5037 -s A47EUT2901000624 shell dumpsys window displays'
[debug] [38;5;64m[ADB][0m Found package: 'com.wdiodemoapp' and fully qualified activity name : 'com.wdiodemoapp.MainActivity'
[debug] [38;5;64m[ADB][0m Incorrect package and activity. Retrying.
[debug] [38;5;64m[ADB][0m Getting focused package and activity
[debug] [38;5;64m[ADB][0m Running 'C:\Users\Mehul\AppData\Local\Android\Sdk\platform-tools\adb.exe -P 5037 -s A47EUT2901000624 shell dumpsys window displays'
[debug] [38;5;64m[ADB][0m Found package: 'com.wdiodemoapp' and fully qualified activity name : 'com.wdiodemoapp.MainActivity'
[debug] [38;5;64m[ADB][0m Incorrect package and activity. Retrying.
[debug] [38;5;64m[ADB][0m Getting focused package and activity
[debug] [38;5;64m[ADB][0m Running 'C:\Users\Mehul\AppData\Local\Android\Sdk\platform-tools\adb.exe -P 5037 -s A47EUT2901000624 shell dumpsys window displays'
[debug] [38;5;64m[ADB][0m Found package: 'com.wdiodemoapp' and fully qualified activity name : 'com.wdiodemoapp.MainActivity'
[debug] [38;5;64m[ADB][0m Incorrect package and activity. Retrying.
[debug] [38;5;64m[ADB][0m Getting focused package and activity
[debug] [38;5;64m[ADB][0m Running 'C:\Users\Mehul\AppData\Local\Android\Sdk\platform-tools\adb.exe -P 5037 -s A47EUT2901000624 shell dumpsys window displays'
[debug] [38;5;64m[ADB][0m Found package: 'com.wdiodemoapp' and fully qualified activity name : 'com.wdiodemoapp.MainActivity'
[debug] [38;5;64m[ADB][0m Incorrect package and activity. Retrying.
[debug] [38;5;64m[ADB][0m Getting focused package and activity
[debug] [38;5;64m[ADB][0m Running 'C:\Users\Mehul\AppData\Local\Android\Sdk\platform-tools\adb.exe -P 5037 -s A47EUT2901000624 shell dumpsys window displays'
[debug] [38;5;64m[ADB][0m Found package: 'com.wdiodemoapp' and fully qualified activity name : 'com.wdiodemoapp.MainActivity'
[debug] [38;5;64m[ADB][0m Incorrect package and activity. Retrying.
[debug] [38;5;64m[ADB][0m Getting focused package and activity
[debug] [38;5;64m[ADB][0m Running 'C:\Users\Mehul\AppData\Local\Android\Sdk\platform-tools\adb.exe -P 5037 -s A47EUT2901000624 shell dumpsys window displays'
[debug] [38;5;64m[ADB][0m Found package: 'com.wdiodemoapp' and fully qualified activity name : 'com.wdiodemoapp.MainActivity'
[debug] [38;5;64m[ADB][0m Incorrect package and activity. Retrying.
[debug] [38;5;64m[ADB][0m Getting focused package and activity
[debug] [38;5;64m[ADB][0m Running 'C:\Users\Mehul\AppData\Local\Android\Sdk\platform-tools\adb.exe -P 5037 -s A47EUT2901000624 shell dumpsys window displays'
[debug] [38;5;64m[ADB][0m Found package: 'com.wdiodemoapp' and fully qualified activity name : 'com.wdiodemoapp.MainActivity'
[debug] [38;5;64m[ADB][0m Incorrect package and activity. Retrying.
[debug] [38;5;64m[ADB][0m Getting focused package and activity
[debug] [38;5;64m[ADB][0m Running 'C:\Users\Mehul\AppData\Local\Android\Sdk\platform-tools\adb.exe -P 5037 -s A47EUT2901000624 shell dumpsys window displays'
[debug] [38;5;64m[ADB][0m Found package: 'com.wdiodemoapp' and fully qualified activity name : 'com.wdiodemoapp.MainActivity'
[debug] [38;5;64m[ADB][0m Incorrect package and activity. Retrying.
[debug] [38;5;64m[ADB][0m Getting focused package and activity
[debug] [38;5;64m[ADB][0m Running 'C:\Users\Mehul\AppData\Local\Android\Sdk\platform-tools\adb.exe -P 5037 -s A47EUT2901000624 shell dumpsys window displays'
[debug] [38;5;64m[ADB][0m Found package: 'com.wdiodemoapp' and fully qualified activity name : 'com.wdiodemoapp.MainActivity'
[debug] [38;5;64m[ADB][0m Incorrect package and activity. Retrying.
[debug] [38;5;64m[ADB][0m Getting focused package and activity
[debug] [38;5;64m[ADB][0m Running 'C:\Users\Mehul\AppData\Local\Android\Sdk\platform-tools\adb.exe -P 5037 -s A47EUT2901000624 shell dumpsys window displays'
[debug] [38;5;64m[ADB][0m Found package: 'com.wdiodemoapp' and fully qualified activity name : 'com.wdiodemoapp.MainActivity'
[debug] [38;5;64m[ADB][0m Incorrect package and activity. Retrying.
[debug] [38;5;64m[ADB][0m Getting focused package and activity
[debug] [38;5;64m[ADB][0m Running 'C:\Users\Mehul\AppData\Local\Android\Sdk\platform-tools\adb.exe -P 5037 -s A47EUT2901000624 shell dumpsys window displays'
[debug] [38;5;64m[ADB][0m Found package: 'com.wdiodemoapp' and fully qualified activity name : 'com.wdiodemoapp.MainActivity'
[debug] [38;5;64m[ADB][0m Incorrect package and activity. Retrying.
[debug] [38;5;64m[ADB][0m Getting focused package and activity
[debug] [38;5;64m[ADB][0m Running 'C:\Users\Mehul\AppData\Local\Android\Sdk\platform-tools\adb.exe -P 5037 -s A47EUT2901000624 shell dumpsys window displays'
[debug] [38;5;64m[ADB][0m Found package: 'com.wdiodemoapp' and fully qualified activity name : 'com.wdiodemoapp.MainActivity'
[debug] [38;5;64m[ADB][0m Incorrect package and activity. Retrying.
[debug] [38;5;64m[ADB][0m Getting focused package and activity
[debug] [38;5;64m[ADB][0m Running 'C:\Users\Mehul\AppData\Local\Android\Sdk\platform-tools\adb.exe -P 5037 -s A47EUT2901000624 shell dumpsys window displays'
[debug] [38;5;64m[ADB][0m Found package: 'com.wdiodemoapp' and fully qualified activity name : 'com.wdiodemoapp.MainActivity'
[debug] [38;5;64m[ADB][0m Incorrect package and activity. Retrying.
[debug] [38;5;64m[ADB][0m Getting focused package and activity
[debug] [38;5;64m[ADB][0m Running 'C:\Users\Mehul\AppData\Local\Android\Sdk\platform-tools\adb.exe -P 5037 -s A47EUT2901000624 shell dumpsys window displays'
[debug] [38;5;64m[ADB][0m Found package: 'com.wdiodemoapp' and fully qualified activity name : 'com.wdiodemoapp.MainActivity'
[debug] [38;5;64m[ADB][0m Incorrect package and activity. Retrying.
[debug] [38;5;64m[ADB][0m Getting focused package and activity
[debug] [38;5;64m[ADB][0m Running 'C:\Users\Mehul\AppData\Local\Android\Sdk\platform-tools\adb.exe -P 5037 -s A47EUT2901000624 shell dumpsys window displays'
[debug] [38;5;64m[ADB][0m Found package: 'com.wdiodemoapp' and fully qualified activity name : 'com.wdiodemoapp.MainActivity'
[debug] [38;5;64m[ADB][0m Incorrect package and activity. Retrying.
[debug] [38;5;64m[ADB][0m Getting focused package and activity
[debug] [38;5;64m[ADB][0m Running 'C:\Users\Mehul\AppData\Local\Android\Sdk\platform-tools\adb.exe -P 5037 -s A47EUT2901000624 shell dumpsys window displays'
[debug] [38;5;64m[ADB][0m Found package: 'com.wdiodemoapp' and fully qualified activity name : 'com.wdiodemoapp.MainActivity'
[debug] [38;5;64m[ADB][0m Incorrect package and activity. Retrying.
[debug] [38;5;64m[ADB][0m Getting focused package and activity
[debug] [38;5;64m[ADB][0m Running 'C:\Users\Mehul\AppData\Local\Android\Sdk\platform-tools\adb.exe -P 5037 -s A47EUT2901000624 shell dumpsys window displays'
[debug] [38;5;64m[ADB][0m Found package: 'com.wdiodemoapp' and fully qualified activity name : 'com.wdiodemoapp.MainActivity'
[debug] [38;5;64m[ADB][0m Incorrect package and activity. Retrying.
[debug] [38;5;64m[ADB][0m Getting focused package and activity
[debug] [38;5;64m[ADB][0m Running 'C:\Users\Mehul\AppData\Local\Android\Sdk\platform-tools\adb.exe -P 5037 -s A47EUT2901000624 shell dumpsys window displays'
[debug] [38;5;64m[ADB][0m Found package: 'com.wdiodemoapp' and fully qualified activity name : 'com.wdiodemoapp.MainActivity'
[debug] [38;5;64m[ADB][0m Incorrect package and activity. Retrying.
[debug] [38;5;64m[ADB][0m Getting focused package and activity
[debug] [38;5;64m[ADB][0m Running 'C:\Users\Mehul\AppData\Local\Android\Sdk\platform-tools\adb.exe -P 5037 -s A47EUT2901000624 shell dumpsys window displays'
[debug] [38;5;64m[ADB][0m Found package: 'com.wdiodemoapp' and fully qualified activity name : 'com.wdiodemoapp.MainActivity'
[debug] [38;5;64m[ADB][0m Incorrect package and activity. Retrying.
[debug] [38;5;64m[ADB][0m Getting focused package and activity
[debug] [38;5;64m[ADB][0m Running 'C:\Users\Mehul\AppData\Local\Android\Sdk\platform-tools\adb.exe -P 5037 -s A47EUT2901000624 shell dumpsys window displays'
[debug] [38;5;64m[ADB][0m Found package: 'com.wdiodemoapp' and fully qualified activity name : 'com.wdiodemoapp.MainActivity'
[debug] [38;5;64m[ADB][0m Incorrect package and activity. Retrying.
[debug] [38;5;64m[ADB][0m Getting focused package and activity
[debug] [38;5;64m[ADB][0m Running 'C:\Users\Mehul\AppData\Local\Android\Sdk\platform-tools\adb.exe -P 5037 -s A47EUT2901000624 shell dumpsys window displays'
[debug] [38;5;64m[ADB][0m Found package: 'com.wdiodemoapp' and fully qualified activity name : 'com.wdiodemoapp.MainActivity'
[debug] [38;5;64m[ADB][0m Incorrect package and activity. Retrying.
[debug] [38;5;64m[ADB][0m Getting focused package and activity
[debug] [38;5;64m[ADB][0m Running 'C:\Users\Mehul\AppData\Local\Android\Sdk\platform-tools\adb.exe -P 5037 -s A47EUT2901000624 shell dumpsys window displays'
[debug] [38;5;64m[ADB][0m Found package: 'com.wdiodemoapp' and fully qualified activity name : 'com.wdiodemoapp.MainActivity'
[debug] [38;5;64m[ADB][0m Incorrect package and activity. Retrying.
[debug] [38;5;64m[ADB][0m Getting focused package and activity
[debug] [38;5;64m[ADB][0m Running 'C:\Users\Mehul\AppData\Local\Android\Sdk\platform-tools\adb.exe -P 5037 -s A47EUT2901000624 shell dumpsys window displays'
[debug] [38;5;64m[ADB][0m Found package: 'com.wdiodemoapp' and fully qualified activity name : 'com.wdiodemoapp.MainActivity'
[debug] [38;5;64m[ADB][0m Incorrect package and activity. Retrying.
[debug] [38;5;64m[ADB][0m Getting focused package and activity
[debug] [38;5;64m[ADB][0m Running 'C:\Users\Mehul\AppData\Local\Android\Sdk\platform-tools\adb.exe -P 5037 -s A47EUT2901000624 shell dumpsys window displays'
[debug] [38;5;64m[ADB][0m Found package: 'com.wdiodemoapp' and fully qualified activity name : 'com.wdiodemoapp.MainActivity'
[debug] [38;5;64m[ADB][0m Incorrect package and activity. Retrying.
[debug] [38;5;64m[ADB][0m Getting focused package and activity
[debug] [38;5;64m[ADB][0m Running 'C:\Users\Mehul\AppData\Local\Android\Sdk\platform-tools\adb.exe -P 5037 -s A47EUT2901000624 shell dumpsys window displays'
[debug] [38;5;64m[ADB][0m Found package: 'com.wdiodemoapp' and fully qualified activity name : 'com.wdiodemoapp.MainActivity'
[debug] [38;5;64m[ADB][0m Incorrect package and activity. Retrying.
[debug] [38;5;64m[ADB][0m Getting focused package and activity
[debug] [38;5;64m[ADB][0m Running 'C:\Users\Mehul\AppData\Local\Android\Sdk\platform-tools\adb.exe -P 5037 -s A47EUT2901000624 shell dumpsys window displays'
[35m[Appium][39m Received SIGINT - shutting down
[debug] [38;5;16m[AppiumDriver@6fdb][0m There are no active sessions for cleanup
[38;5;0m[HTTP][0m Waiting until the server is closed
[38;5;0m[HTTP][0m Received server close event
Waiting for the debugger to disconnect...
